2025-07-10 23:51:43 - INFO - HTTP Request: POST https://api.telegram.org/bot7721007358:AAGNR2WFCwUNLLAnNzrRFGSlw8_F16Zos9w/getMe "HTTP/1.1 200 OK"
2025-07-10 23:51:43 - INFO - HTTP Request: POST https://api.telegram.org/bot7721007358:AAGNR2WFCwUNLLAnNzrRFGSlw8_F16Zos9w/deleteWebhook "HTTP/1.1 200 OK"
2025-07-10 23:51:43 - INFO - Application started
2025-07-10 23:51:50 - INFO - HTTP Request: POST https://api.telegram.org/bot7721007358:AAGNR2WFCwUNLLAnNzrRFGSlw8_F16Zos9w/getUpdates "HTTP/1.1 200 OK"
2025-07-10 23:51:50 - INFO - HTTP Request: POST https://api.telegram.org/bot7721007358:AAGNR2WFCwUNLLAnNzrRFGSlw8_F16Zos9w/sendMessage "HTTP/1.1 200 OK"
2025-07-10 23:51:53 - INFO - HTTP Request: POST https://api.telegram.org/bot7721007358:AAGNR2WFCwUNLLAnNzrRFGSlw8_F16Zos9w/getUpdates "HTTP/1.1 200 OK"
2025-07-10 23:51:53 - INFO - HTTP Request: POST https://api.telegram.org/bot7721007358:AAGNR2WFCwUNLLAnNzrRFGSlw8_F16Zos9w/answerCallbackQuery "HTTP/1.1 200 OK"
2025-07-10 23:51:53 - INFO - HTTP Request: POST https://api.telegram.org/bot7721007358:AAGNR2WFCwUNLLAnNzrRFGSlw8_F16Zos9w/sendMessage "HTTP/1.1 200 OK"
2025-07-10 23:51:54 - INFO - HTTP Request: POST https://api.telegram.org/bot7721007358:AAGNR2WFCwUNLLAnNzrRFGSlw8_F16Zos9w/getUpdates "HTTP/1.1 200 OK"
2025-07-10 23:51:54 - INFO - HTTP Request: POST https://api.telegram.org/bot7721007358:AAGNR2WFCwUNLLAnNzrRFGSlw8_F16Zos9w/answerCallbackQuery "HTTP/1.1 200 OK"
2025-07-10 23:51:54 - INFO - HTTP Request: POST https://api.telegram.org/bot7721007358:AAGNR2WFCwUNLLAnNzrRFGSlw8_F16Zos9w/editMessageText "HTTP/1.1 200 OK"
2025-07-10 23:51:57 - INFO - HTTP Request: POST https://api.telegram.org/bot7721007358:AAGNR2WFCwUNLLAnNzrRFGSlw8_F16Zos9w/getUpdates "HTTP/1.1 200 OK"
2025-07-10 23:51:57 - INFO - HTTP Request: POST https://api.telegram.org/bot7721007358:AAGNR2WFCwUNLLAnNzrRFGSlw8_F16Zos9w/sendMessage "HTTP/1.1 200 OK"
2025-07-10 23:51:59 - INFO - HTTP Request: POST https://api.telegram.org/bot7721007358:AAGNR2WFCwUNLLAnNzrRFGSlw8_F16Zos9w/getUpdates "HTTP/1.1 200 OK"
2025-07-10 23:51:59 - INFO - HTTP Request: POST https://api.telegram.org/bot7721007358:AAGNR2WFCwUNLLAnNzrRFGSlw8_F16Zos9w/answerCallbackQuery "HTTP/1.1 200 OK"
2025-07-10 23:51:59 - INFO - HTTP Request: POST https://api.telegram.org/bot7721007358:AAGNR2WFCwUNLLAnNzrRFGSlw8_F16Zos9w/editMessageText "HTTP/1.1 200 OK"
2025-07-10 23:52:01 - INFO - HTTP Request: POST https://api.telegram.org/bot7721007358:AAGNR2WFCwUNLLAnNzrRFGSlw8_F16Zos9w/getUpdates "HTTP/1.1 200 OK"
2025-07-10 23:52:01 - INFO - HTTP Request: POST https://api.telegram.org/bot7721007358:AAGNR2WFCwUNLLAnNzrRFGSlw8_F16Zos9w/sendMessage "HTTP/1.1 200 OK"
2025-07-10 23:52:02 - INFO - HTTP Request: POST https://api.telegram.org/bot7721007358:AAGNR2WFCwUNLLAnNzrRFGSlw8_F16Zos9w/getUpdates "HTTP/1.1 200 OK"
2025-07-10 23:52:02 - INFO - HTTP Request: POST https://api.telegram.org/bot7721007358:AAGNR2WFCwUNLLAnNzrRFGSlw8_F16Zos9w/answerCallbackQuery "HTTP/1.1 200 OK"
2025-07-10 23:52:02 - INFO - HTTP Request: POST https://api.telegram.org/bot7721007358:AAGNR2WFCwUNLLAnNzrRFGSlw8_F16Zos9w/editMessageText "HTTP/1.1 200 OK"
2025-07-10 23:52:06 - INFO - HTTP Request: POST https://api.telegram.org/bot7721007358:AAGNR2WFCwUNLLAnNzrRFGSlw8_F16Zos9w/getUpdates "HTTP/1.1 200 OK"
2025-07-10 23:52:06 - INFO - HTTP Request: POST https://api.telegram.org/bot7721007358:AAGNR2WFCwUNLLAnNzrRFGSlw8_F16Zos9w/sendMessage "HTTP/1.1 200 OK"
2025-07-10 23:52:08 - INFO - HTTP Request: POST https://api.telegram.org/bot7721007358:AAGNR2WFCwUNLLAnNzrRFGSlw8_F16Zos9w/getUpdates "HTTP/1.1 200 OK"
2025-07-10 23:52:08 - INFO - HTTP Request: POST https://api.telegram.org/bot7721007358:AAGNR2WFCwUNLLAnNzrRFGSlw8_F16Zos9w/sendMessage "HTTP/1.1 200 OK"
2025-07-10 23:52:18 - INFO - HTTP Request: POST https://api.telegram.org/bot7721007358:AAGNR2WFCwUNLLAnNzrRFGSlw8_F16Zos9w/getUpdates "HTTP/1.1 200 OK"
2025-07-10 23:52:28 - INFO - HTTP Request: POST https://api.telegram.org/bot7721007358:AAGNR2WFCwUNLLAnNzrRFGSlw8_F16Zos9w/getUpdates "HTTP/1.1 200 OK"
2025-07-10 23:52:38 - INFO - HTTP Request: POST https://api.telegram.org/bot7721007358:AAGNR2WFCwUNLLAnNzrRFGSlw8_F16Zos9w/getUpdates "HTTP/1.1 200 OK"
2025-07-10 23:52:48 - INFO - HTTP Request: POST https://api.telegram.org/bot7721007358:AAGNR2WFCwUNLLAnNzrRFGSlw8_F16Zos9w/getUpdates "HTTP/1.1 200 OK"
2025-07-10 23:52:58 - INFO - HTTP Request: POST https://api.telegram.org/bot7721007358:AAGNR2WFCwUNLLAnNzrRFGSlw8_F16Zos9w/getUpdates "HTTP/1.1 200 OK"
2025-07-10 23:53:08 - INFO - HTTP Request: POST https://api.telegram.org/bot7721007358:AAGNR2WFCwUNLLAnNzrRFGSlw8_F16Zos9w/getUpdates "HTTP/1.1 200 OK"
2025-07-10 23:53:18 - INFO - HTTP Request: POST https://api.telegram.org/bot7721007358:AAGNR2WFCwUNLLAnNzrRFGSlw8_F16Zos9w/getUpdates "HTTP/1.1 200 OK"
2025-07-10 23:53:29 - INFO - HTTP Request: POST https://api.telegram.org/bot7721007358:AAGNR2WFCwUNLLAnNzrRFGSlw8_F16Zos9w/getUpdates "HTTP/1.1 200 OK"
2025-07-10 23:53:32 - INFO - HTTP Request: POST https://api.telegram.org/bot7721007358:AAGNR2WFCwUNLLAnNzrRFGSlw8_F16Zos9w/getUpdates "HTTP/1.1 200 OK"
2025-07-10 23:53:32 - INFO - HTTP Request: POST https://api.telegram.org/bot7721007358:AAGNR2WFCwUNLLAnNzrRFGSlw8_F16Zos9w/sendPhoto "HTTP/1.1 200 OK"
2025-07-10 23:53:35 - INFO - HTTP Request: POST https://api.telegram.org/bot7721007358:AAGNR2WFCwUNLLAnNzrRFGSlw8_F16Zos9w/getUpdates "HTTP/1.1 200 OK"
2025-07-10 23:53:35 - INFO - HTTP Request: POST https://api.telegram.org/bot7721007358:AAGNR2WFCwUNLLAnNzrRFGSlw8_F16Zos9w/answerCallbackQuery "HTTP/1.1 200 OK"
2025-07-10 23:53:35 - INFO - HTTP Request: POST https://api.telegram.org/bot7721007358:AAGNR2WFCwUNLLAnNzrRFGSlw8_F16Zos9w/sendMessage "HTTP/1.1 200 OK"
2025-07-10 23:53:38 - INFO - HTTP Request: POST https://api.telegram.org/bot7721007358:AAGNR2WFCwUNLLAnNzrRFGSlw8_F16Zos9w/getUpdates "HTTP/1.1 200 OK"
2025-07-10 23:53:39 - INFO - HTTP Request: POST https://api.telegram.org/bot7721007358:AAGNR2WFCwUNLLAnNzrRFGSlw8_F16Zos9w/answerCallbackQuery "HTTP/1.1 200 OK"
2025-07-10 23:53:39 - INFO - HTTP Request: POST https://api.telegram.org/bot7721007358:AAGNR2WFCwUNLLAnNzrRFGSlw8_F16Zos9w/sendPhoto "HTTP/1.1 200 OK"
2025-07-10 23:53:40 - INFO - HTTP Request: POST https://api.telegram.org/bot7721007358:AAGNR2WFCwUNLLAnNzrRFGSlw8_F16Zos9w/getUpdates "HTTP/1.1 200 OK"
2025-07-10 23:53:41 - INFO - HTTP Request: POST https://api.telegram.org/bot7721007358:AAGNR2WFCwUNLLAnNzrRFGSlw8_F16Zos9w/answerCallbackQuery "HTTP/1.1 200 OK"
2025-07-10 23:53:41 - INFO - HTTP Request: POST https://api.telegram.org/bot7721007358:AAGNR2WFCwUNLLAnNzrRFGSlw8_F16Zos9w/sendPhoto "HTTP/1.1 200 OK"
2025-07-10 23:53:44 - INFO - HTTP Request: POST https://api.telegram.org/bot7721007358:AAGNR2WFCwUNLLAnNzrRFGSlw8_F16Zos9w/getUpdates "HTTP/1.1 200 OK"
2025-07-10 23:53:44 - INFO - HTTP Request: POST https://api.telegram.org/bot7721007358:AAGNR2WFCwUNLLAnNzrRFGSlw8_F16Zos9w/sendMessage "HTTP/1.1 200 OK"
2025-07-10 23:53:46 - INFO - HTTP Request: POST https://api.telegram.org/bot7721007358:AAGNR2WFCwUNLLAnNzrRFGSlw8_F16Zos9w/getUpdates "HTTP/1.1 200 OK"
2025-07-10 23:53:47 - INFO - HTTP Request: POST https://api.telegram.org/bot7721007358:AAGNR2WFCwUNLLAnNzrRFGSlw8_F16Zos9w/sendMessage "HTTP/1.1 200 OK"
2025-07-10 23:53:47 - INFO - HTTP Request: POST https://api.telegram.org/bot7721007358:AAGNR2WFCwUNLLAnNzrRFGSlw8_F16Zos9w/sendMessage "HTTP/1.1 200 OK"
2025-07-10 23:53:57 - INFO - HTTP Request: POST https://api.telegram.org/bot7721007358:AAGNR2WFCwUNLLAnNzrRFGSlw8_F16Zos9w/getUpdates "HTTP/1.1 200 OK"
2025-07-10 23:54:02 - INFO - HTTP Request: POST https://api.telegram.org/bot7721007358:AAGNR2WFCwUNLLAnNzrRFGSlw8_F16Zos9w/getUpdates "HTTP/1.1 200 OK"
2025-07-10 23:54:03 - INFO - HTTP Request: POST https://api.telegram.org/bot7721007358:AAGNR2WFCwUNLLAnNzrRFGSlw8_F16Zos9w/getChat "HTTP/1.1 200 OK"
2025-07-10 23:54:03 - INFO - HTTP Request: POST https://api.telegram.org/bot7721007358:AAGNR2WFCwUNLLAnNzrRFGSlw8_F16Zos9w/sendMessage "HTTP/1.1 200 OK"
2025-07-10 23:54:03 - INFO - HTTP Request: POST https://api.telegram.org/bot7721007358:AAGNR2WFCwUNLLAnNzrRFGSlw8_F16Zos9w/getChat "HTTP/1.1 200 OK"
2025-07-10 23:54:03 - INFO - HTTP Request: POST https://api.telegram.org/bot7721007358:AAGNR2WFCwUNLLAnNzrRFGSlw8_F16Zos9w/sendMessage "HTTP/1.1 200 OK"
2025-07-10 23:54:13 - INFO - HTTP Request: POST https://api.telegram.org/bot7721007358:AAGNR2WFCwUNLLAnNzrRFGSlw8_F16Zos9w/getUpdates "HTTP/1.1 200 OK"
2025-07-10 23:54:23 - INFO - HTTP Request: POST https://api.telegram.org/bot7721007358:AAGNR2WFCwUNLLAnNzrRFGSlw8_F16Zos9w/getUpdates "HTTP/1.1 200 OK"
2025-07-10 23:54:33 - INFO - HTTP Request: POST https://api.telegram.org/bot7721007358:AAGNR2WFCwUNLLAnNzrRFGSlw8_F16Zos9w/getUpdates "HTTP/1.1 200 OK"
2025-07-10 23:54:43 - INFO - HTTP Request: POST https://api.telegram.org/bot7721007358:AAGNR2WFCwUNLLAnNzrRFGSlw8_F16Zos9w/getUpdates "HTTP/1.1 200 OK"
2025-07-10 23:54:50 - INFO - HTTP Request: POST https://api.telegram.org/bot7721007358:AAGNR2WFCwUNLLAnNzrRFGSlw8_F16Zos9w/getUpdates "HTTP/1.1 200 OK"
2025-07-10 23:54:51 - INFO - HTTP Request: POST https://api.telegram.org/bot7721007358:AAGNR2WFCwUNLLAnNzrRFGSlw8_F16Zos9w/sendMessage "HTTP/1.1 200 OK"
2025-07-10 23:54:52 - INFO - HTTP Request: POST https://api.telegram.org/bot7721007358:AAGNR2WFCwUNLLAnNzrRFGSlw8_F16Zos9w/getUpdates "HTTP/1.1 200 OK"
2025-07-10 23:54:52 - INFO - HTTP Request: POST https://api.telegram.org/bot7721007358:AAGNR2WFCwUNLLAnNzrRFGSlw8_F16Zos9w/answerCallbackQuery "HTTP/1.1 200 OK"
2025-07-10 23:54:52 - INFO - HTTP Request: POST https://api.telegram.org/bot7721007358:AAGNR2WFCwUNLLAnNzrRFGSlw8_F16Zos9w/editMessageText "HTTP/1.1 200 OK"
2025-07-10 23:54:54 - INFO - HTTP Request: POST https://api.telegram.org/bot7721007358:AAGNR2WFCwUNLLAnNzrRFGSlw8_F16Zos9w/getUpdates "HTTP/1.1 200 OK"
2025-07-10 23:54:54 - INFO - HTTP Request: POST https://api.telegram.org/bot7721007358:AAGNR2WFCwUNLLAnNzrRFGSlw8_F16Zos9w/sendMessage "HTTP/1.1 200 OK"
2025-07-10 23:55:02 - INFO - HTTP Request: POST https://api.telegram.org/bot7721007358:AAGNR2WFCwUNLLAnNzrRFGSlw8_F16Zos9w/getUpdates "HTTP/1.1 200 OK"
2025-07-10 23:55:12 - INFO - HTTP Request: POST https://api.telegram.org/bot7721007358:AAGNR2WFCwUNLLAnNzrRFGSlw8_F16Zos9w/getUpdates "HTTP/1.1 200 OK"
2025-07-10 23:55:16 - INFO - HTTP Request: POST https://api.telegram.org/bot7721007358:AAGNR2WFCwUNLLAnNzrRFGSlw8_F16Zos9w/getUpdates "HTTP/1.1 200 OK"
2025-07-10 23:55:18 - INFO - HTTP Request: POST https://api.telegram.org/bot7721007358:AAGNR2WFCwUNLLAnNzrRFGSlw8_F16Zos9w/getUpdates "HTTP/1.1 200 OK"
2025-07-10 23:55:18 - INFO - HTTP Request: POST https://api.telegram.org/bot7721007358:AAGNR2WFCwUNLLAnNzrRFGSlw8_F16Zos9w/sendMessage "HTTP/1.1 200 OK"
2025-07-10 23:55:21 - INFO - HTTP Request: POST https://api.telegram.org/bot7721007358:AAGNR2WFCwUNLLAnNzrRFGSlw8_F16Zos9w/getUpdates "HTTP/1.1 200 OK"
2025-07-10 23:55:21 - INFO - HTTP Request: POST https://api.telegram.org/bot7721007358:AAGNR2WFCwUNLLAnNzrRFGSlw8_F16Zos9w/answerCallbackQuery "HTTP/1.1 200 OK"
2025-07-10 23:55:21 - INFO - HTTP Request: POST https://api.telegram.org/bot7721007358:AAGNR2WFCwUNLLAnNzrRFGSlw8_F16Zos9w/editMessageText "HTTP/1.1 200 OK"
2025-07-10 23:55:24 - INFO - HTTP Request: POST https://api.telegram.org/bot7721007358:AAGNR2WFCwUNLLAnNzrRFGSlw8_F16Zos9w/getUpdates "HTTP/1.1 200 OK"
2025-07-10 23:55:24 - INFO - HTTP Request: POST https://api.telegram.org/bot7721007358:AAGNR2WFCwUNLLAnNzrRFGSlw8_F16Zos9w/sendMessage "HTTP/1.1 200 OK"
2025-07-10 23:55:27 - INFO - HTTP Request: POST https://api.telegram.org/bot7721007358:AAGNR2WFCwUNLLAnNzrRFGSlw8_F16Zos9w/getUpdates "HTTP/1.1 200 OK"
2025-07-10 23:55:27 - INFO - HTTP Request: POST https://api.telegram.org/bot7721007358:AAGNR2WFCwUNLLAnNzrRFGSlw8_F16Zos9w/sendMessage "HTTP/1.1 200 OK"
2025-07-10 23:55:37 - INFO - HTTP Request: POST https://api.telegram.org/bot7721007358:AAGNR2WFCwUNLLAnNzrRFGSlw8_F16Zos9w/getUpdates "HTTP/1.1 200 OK"
2025-07-10 23:55:47 - INFO - HTTP Request: POST https://api.telegram.org/bot7721007358:AAGNR2WFCwUNLLAnNzrRFGSlw8_F16Zos9w/getUpdates "HTTP/1.1 200 OK"
2025-07-10 23:55:57 - INFO - HTTP Request: POST https://api.telegram.org/bot7721007358:AAGNR2WFCwUNLLAnNzrRFGSlw8_F16Zos9w/getUpdates "HTTP/1.1 200 OK"
2025-07-10 23:56:07 - INFO - HTTP Request: POST https://api.telegram.org/bot7721007358:AAGNR2WFCwUNLLAnNzrRFGSlw8_F16Zos9w/getUpdates "HTTP/1.1 200 OK"
2025-07-10 23:56:16 - INFO - HTTP Request: POST https://api.telegram.org/bot7721007358:AAGNR2WFCwUNLLAnNzrRFGSlw8_F16Zos9w/getUpdates "HTTP/1.1 200 OK"
2025-07-10 23:56:16 - INFO - HTTP Request: POST https://api.telegram.org/bot7721007358:AAGNR2WFCwUNLLAnNzrRFGSlw8_F16Zos9w/answerCallbackQuery "HTTP/1.1 200 OK"
2025-07-10 23:56:16 - INFO - HTTP Request: POST https://api.telegram.org/bot7721007358:AAGNR2WFCwUNLLAnNzrRFGSlw8_F16Zos9w/sendMessage "HTTP/1.1 200 OK"
2025-07-10 23:56:16 - INFO - HTTP Request: POST https://api.telegram.org/bot7721007358:AAGNR2WFCwUNLLAnNzrRFGSlw8_F16Zos9w/sendMessage "HTTP/1.1 200 OK"
2025-07-10 23:56:16 - INFO - HTTP Request: POST https://api.telegram.org/bot7721007358:AAGNR2WFCwUNLLAnNzrRFGSlw8_F16Zos9w/getChat "HTTP/1.1 200 OK"
2025-07-10 23:56:17 - INFO - HTTP Request: POST https://api.telegram.org/bot7721007358:AAGNR2WFCwUNLLAnNzrRFGSlw8_F16Zos9w/sendMessage "HTTP/1.1 200 OK"
2025-07-10 23:56:26 - INFO - HTTP Request: POST https://api.telegram.org/bot7721007358:AAGNR2WFCwUNLLAnNzrRFGSlw8_F16Zos9w/getUpdates "HTTP/1.1 200 OK"
2025-07-10 23:56:36 - INFO - HTTP Request: POST https://api.telegram.org/bot7721007358:AAGNR2WFCwUNLLAnNzrRFGSlw8_F16Zos9w/getUpdates "HTTP/1.1 200 OK"
2025-07-10 23:56:46 - INFO - HTTP Request: POST https://api.telegram.org/bot7721007358:AAGNR2WFCwUNLLAnNzrRFGSlw8_F16Zos9w/getUpdates "HTTP/1.1 200 OK"
2025-07-10 23:56:56 - INFO - HTTP Request: POST https://api.telegram.org/bot7721007358:AAGNR2WFCwUNLLAnNzrRFGSlw8_F16Zos9w/getUpdates "HTTP/1.1 200 OK"
2025-07-10 23:57:06 - INFO - HTTP Request: POST https://api.telegram.org/bot7721007358:AAGNR2WFCwUNLLAnNzrRFGSlw8_F16Zos9w/getUpdates "HTTP/1.1 200 OK"
2025-07-10 23:57:16 - INFO - HTTP Request: POST https://api.telegram.org/bot7721007358:AAGNR2WFCwUNLLAnNzrRFGSlw8_F16Zos9w/getUpdates "HTTP/1.1 200 OK"
2025-07-10 23:57:26 - INFO - HTTP Request: POST https://api.telegram.org/bot7721007358:AAGNR2WFCwUNLLAnNzrRFGSlw8_F16Zos9w/getUpdates "HTTP/1.1 200 OK"
2025-07-10 23:57:37 - INFO - HTTP Request: POST https://api.telegram.org/bot7721007358:AAGNR2WFCwUNLLAnNzrRFGSlw8_F16Zos9w/getUpdates "HTTP/1.1 200 OK"
2025-07-10 23:57:47 - INFO - HTTP Request: POST https://api.telegram.org/bot7721007358:AAGNR2WFCwUNLLAnNzrRFGSlw8_F16Zos9w/getUpdates "HTTP/1.1 200 OK"
2025-07-10 23:57:57 - INFO - HTTP Request: POST https://api.telegram.org/bot7721007358:AAGNR2WFCwUNLLAnNzrRFGSlw8_F16Zos9w/getUpdates "HTTP/1.1 200 OK"
2025-07-10 23:58:07 - INFO - HTTP Request: POST https://api.telegram.org/bot7721007358:AAGNR2WFCwUNLLAnNzrRFGSlw8_F16Zos9w/getUpdates "HTTP/1.1 200 OK"
2025-07-10 23:58:17 - INFO - HTTP Request: POST https://api.telegram.org/bot7721007358:AAGNR2WFCwUNLLAnNzrRFGSlw8_F16Zos9w/getUpdates "HTTP/1.1 200 OK"
2025-07-10 23:58:27 - INFO - HTTP Request: POST https://api.telegram.org/bot7721007358:AAGNR2WFCwUNLLAnNzrRFGSlw8_F16Zos9w/getUpdates "HTTP/1.1 200 OK"
2025-07-10 23:58:37 - INFO - HTTP Request: POST https://api.telegram.org/bot7721007358:AAGNR2WFCwUNLLAnNzrRFGSlw8_F16Zos9w/getUpdates "HTTP/1.1 200 OK"
2025-07-10 23:58:47 - INFO - HTTP Request: POST https://api.telegram.org/bot7721007358:AAGNR2WFCwUNLLAnNzrRFGSlw8_F16Zos9w/getUpdates "HTTP/1.1 200 OK"
2025-07-10 23:58:57 - INFO - HTTP Request: POST https://api.telegram.org/bot7721007358:AAGNR2WFCwUNLLAnNzrRFGSlw8_F16Zos9w/getUpdates "HTTP/1.1 200 OK"
2025-07-10 23:59:08 - INFO - HTTP Request: POST https://api.telegram.org/bot7721007358:AAGNR2WFCwUNLLAnNzrRFGSlw8_F16Zos9w/getUpdates "HTTP/1.1 200 OK"
2025-07-10 23:59:18 - INFO - HTTP Request: POST https://api.telegram.org/bot7721007358:AAGNR2WFCwUNLLAnNzrRFGSlw8_F16Zos9w/getUpdates "HTTP/1.1 200 OK"
2025-07-10 23:59:28 - INFO - HTTP Request: POST https://api.telegram.org/bot7721007358:AAGNR2WFCwUNLLAnNzrRFGSlw8_F16Zos9w/getUpdates "HTTP/1.1 200 OK"
2025-07-10 23:59:38 - INFO - HTTP Request: POST https://api.telegram.org/bot7721007358:AAGNR2WFCwUNLLAnNzrRFGSlw8_F16Zos9w/getUpdates "HTTP/1.1 200 OK"
2025-07-10 23:59:48 - INFO - HTTP Request: POST https://api.telegram.org/bot7721007358:AAGNR2WFCwUNLLAnNzrRFGSlw8_F16Zos9w/getUpdates "HTTP/1.1 200 OK"
2025-07-10 23:59:58 - INFO - HTTP Request: POST https://api.telegram.org/bot7721007358:AAGNR2WFCwUNLLAnNzrRFGSlw8_F16Zos9w/getUpdates "HTTP/1.1 200 OK"
2025-07-11 00:00:08 - INFO - HTTP Request: POST https://api.telegram.org/bot7721007358:AAGNR2WFCwUNLLAnNzrRFGSlw8_F16Zos9w/getUpdates "HTTP/1.1 200 OK"
